  icode   ic inum1 inum2 inum3   subed  recmonps reccnstps  flow(m^3)   sed(t)      orgn(kg)    orgp(kg)    nitrate(kg) sol.p(kg)   sol.pst(mg) sor.pst(mg)
       1        1        1        0        0        0                         0.5171E+06  0.7355E-03  0.5114E+01  0.1576E+01  0.1297E+04  0.1562E+01  0.0000E+00  0.0000E+00
       1        2        2        0        0        0                         0.1514E+07  0.1880E-02  0.1608E+02  0.4956E+01  0.4094E+04  0.4920E+01  0.0000E+00  0.0000E+00
       1        3        3        0        0        0                         0.2466E+07  0.3586E+02  0.4891E+02  0.4440E+03  0.6570E+04  0.8455E+01  0.0000E+00  0.0000E+00
       1        4        4        0        0        0                         0.2448E+07  0.1741E+04  0.2048E+05  0.1175E+05  0.2821E+04  0.1122E+02  0.0000E+00  0.0000E+00
       1        5        5        0        0        0                         0.4081E+07  0.4447E-02  0.4335E+02  0.1336E+02  0.1099E+05  0.1326E+02  0.0000E+00  0.0000E+00
       1        6        6        0        0        0                         0.3315E+07  0.3985E+04  0.4149E+05  0.1175E+05  0.3251E+04  0.3073E+01  0.0000E+00  0.0000E+00
       1        7        7        0        0        0                         0.3639E+07  0.1014E+04  0.3790E+05  0.1163E+05  0.8193E+04  0.9666E+01  0.0000E+00  0.0000E+00
       1        8        8        0        0        0                         0.3270E+07  0.6001E+03  0.1644E+05  0.1080E+05  0.6484E+04  0.1259E+02  0.0000E+00  0.0000E+00
       1        9        9        0        0        0                         0.1619E+07  0.5284E+04  0.8079E+04  0.3562E+04  0.1221E+04  0.2507E+01  0.0000E+00  0.0000E+00
       1       10       10        0        0        0                         0.2348E+07  0.2456E+03  0.3530E+04  0.5183E+04  0.5139E+04  0.1043E+02  0.0000E+00  0.0000E+00
       1       11       11        0        0        0                         0.3454E+07  0.4837E+04  0.1574E+05  0.7480E+04  0.2883E+04  0.5590E+01  0.0000E+00  0.0000E+00
       2       12        6        6        6        0                         0.3280E+07  0.5031E+03  0.4088E+05  0.1130E+05  0.2996E+04  0.1946E+03  0.0000E+00  0.0000E+00
       2       13        7        7        7        0                         0.3621E+07  0.1651E+03  0.3612E+05  0.1081E+05  0.7164E+04  0.3021E+03  0.0000E+00  0.0000E+00
       2       14        8        8        8        0                         0.3261E+07  0.9496E+02  0.1478E+05  0.9646E+04  0.5646E+04  0.1666E+03  0.0000E+00  0.0000E+00
       2       15        9        9        9        0                         0.1595E+07  0.7185E+03  0.7727E+04  0.3272E+04  0.9275E+03  0.4552E+02  0.0000E+00  0.0000E+00
       2       16       10       10       10        0                         0.2345E+07  0.5317E+02  0.3199E+04  0.4644E+04  0.4692E+04  0.8653E+02  0.0000E+00  0.0000E+00
       2       17       11       11       11        0                         0.3404E+07  0.8205E+03  0.1517E+05  0.6951E+04  0.2522E+04  0.1250E+03  0.0000E+00  0.0000E+00
       5       18        5       13        0        0                         0.7702E+07  0.1651E+03  0.3616E+05  0.1082E+05  0.1815E+05  0.3154E+03  0.0000E+00  0.0000E+00
       5       19       18       14        0        0                         0.1096E+08  0.2601E+03  0.5094E+05  0.2047E+05  0.2380E+05  0.4820E+03  0.0000E+00  0.0000E+00
       2       20        5       19        5        0                         0.1095E+08  0.3591E+03  0.5077E+05  0.1994E+05  0.2347E+05  0.1191E+04  0.0000E+00  0.0000E+00
       5       21        4       12        0        0                         0.5728E+07  0.2244E+04  0.6137E+05  0.2305E+05  0.5817E+04  0.2058E+03  0.0000E+00  0.0000E+00
       5       22       21       15        0        0                         0.7322E+07  0.2962E+04  0.6909E+05  0.2633E+05  0.6744E+04  0.2513E+03  0.0000E+00  0.0000E+00
       2       23        4       22        4        0                         0.7300E+07  0.1327E+04  0.6982E+05  0.2578E+05  0.6559E+04  0.7747E+03  0.0000E+00  0.0000E+00
       5       24        3       23        0        0                         0.9766E+07  0.1363E+04  0.6987E+05  0.2623E+05  0.1313E+05  0.7832E+03  0.0000E+00  0.0000E+00
       5       25       24       17        0        0                         0.1317E+08  0.2183E+04  0.8503E+05  0.3318E+05  0.1565E+05  0.9081E+03  0.0000E+00  0.0000E+00
       2       26        3       25        3        0                         0.1316E+08  0.2200E+04  0.8828E+05  0.3317E+05  0.1641E+05  0.1597E+04  0.0000E+00  0.0000E+00
       5       27        2       26        0        0                         0.1467E+08  0.2200E+04  0.8830E+05  0.3317E+05  0.2051E+05  0.1602E+04  0.0000E+00  0.0000E+00
       5       28       27       16        0        0                         0.1702E+08  0.2253E+04  0.9150E+05  0.3782E+05  0.2520E+05  0.1688E+04  0.0000E+00  0.0000E+00
       2       29        2       28        2        0                         0.1701E+08  0.2285E+04  0.9527E+05  0.3795E+05  0.2566E+05  0.2525E+04  0.0000E+00  0.0000E+00
       5       30        1       29        0        0                         0.1753E+08  0.2285E+04  0.9527E+05  0.3796E+05  0.2696E+05  0.2527E+04  0.0000E+00  0.0000E+00
       5       31       30       20        0        0                         0.2848E+08  0.2644E+04  0.1460E+06  0.5789E+05  0.5043E+05  0.3718E+04  0.0000E+00  0.0000E+00
       2       32        1       31        1        0                         0.2848E+08  0.2619E+04  0.1431E+06  0.5479E+05  0.4835E+05  0.5845E+04  0.0000E+00  0.0000E+00
      14       32        1        0        0        0                         0.2848E+08  0.2619E+04  0.1431E+06  0.5479E+05  0.4835E+05  0.5845E+04  0.0000E+00  0.0000E+00
      14       32        2        1        0        0                         0.2848E+08  0.2619E+04  0.1431E+06  0.5479E+05  0.4835E+05  0.5845E+04  0.0000E+00  0.0000E+00
